<?xml version="1.0" encoding="UTF-8"?>
<!-- Generated by org.testng.reporters.JUnitReportReporter -->
<testsuite hostname="DESKTOP-PRC4QK7" failures="0" tests="3" name="TestCases.failedTestCase" time="31.175" errors="0" timestamp="2023-01-11T09:43:52 IST" skipped="0">
  <testcase classname="TestCases.failedTestCase" name="Test1" time="9.174"/>
  <testcase classname="TestCases.failedTestCase" name="Test2" time="12.140"/>
  <testcase classname="TestCases.failedTestCase" name="Test3" time="9.861"/>
</testsuite> <!-- TestCases.failedTestCase -->
