<?xml version="1.0" encoding="UTF-8"?>
<!-- Generated by org.testng.reporters.JUnitReportReporter -->
<testsuite hostname="DESKTOP-PRC4QK7" failures="0" tests="2" name="keywordsFramework.GroupsTest" time="12.881" errors="0" timestamp="2023-01-06T15:36:49 IST" skipped="0">
  <testcase classname="keywordsFramework.GroupsTest" name="Test3" time="7.966"/>
  <testcase classname="keywordsFramework.GroupsTest" name="Test1" time="4.915"/>
</testsuite> <!-- keywordsFramework.GroupsTest -->
