<?xml version="1.0" encoding="UTF-8"?>
<!-- Generated by org.testng.reporters.JUnitReportReporter -->
<testsuite hostname="DESKTOP-PRC4QK7" failures="0" tests="6" name="keywordsFramework.DependsOnMethods" time="28.815" errors="0" timestamp="2023-01-06T10:57:19 IST" skipped="2">
  <testcase classname="keywordsFramework.DependsOnMethods" name="loginToAppTest3" time="9.403"/>
  <testcase classname="keywordsFramework.DependsOnMethods" name="verifyCuURL2" time="5.615"/>
  <testcase classname="keywordsFramework.DependsOnMethods" name="verifyTitleTest1" time="7.957"/>
  <testcase classname="keywordsFramework.DependsOnMethods" name="verifyPeekLogoTest7" time="5.840"/>
  <testcase classname="keywordsFramework.DependsOnMethods" name="verifyBotLogoTest1">
    <skipped/>
  </testcase> <!-- verifyBotLogoTest1 -->
  <testcase classname="keywordsFramework.DependsOnMethods" name="verifyloginLogoTest2">
    <skipped/>
  </testcase> <!-- verifyloginLogoTest2 -->
</testsuite> <!-- keywordsFramework.DependsOnMethods -->
