<?xml version="1.0" encoding="UTF-8"?>
<!-- Generated by org.testng.reporters.JUnitReportReporter -->
<testsuite hostname="DESKTOP-PRC4QK7" failures="0" tests="6" name="keywordsFramework.PriorityTestCase" time="45.432" errors="0" timestamp="2023-01-06T11:26:57 IST" skipped="0">
  <testcase classname="keywordsFramework.PriorityTestCase" name="EverifyBotLogoTest1" time="12.190"/>
  <testcase classname="keywordsFramework.PriorityTestCase" name="GverifyPeekLogoTest7" time="5.556"/>
  <testcase classname="keywordsFramework.PriorityTestCase" name="BverifyCuURL2" time="7.202"/>
  <testcase classname="keywordsFramework.PriorityTestCase" name="AverifyTitleTest1" time="10.012"/>
  <testcase classname="keywordsFramework.PriorityTestCase" name="CloginToAppTest3" time="5.382"/>
  <testcase classname="keywordsFramework.PriorityTestCase" name="DverifyloginLogoTest2" time="5.090"/>
</testsuite> <!-- keywordsFramework.PriorityTestCase -->
