<?xml version="1.0" encoding="UTF-8"?>
<!-- Generated by org.testng.reporters.JUnitReportReporter -->
<testsuite hostname="DESKTOP-PRC4QK7" failures="0" tests="6" name="TestCases.LoginPageTest" time="78.093" errors="0" timestamp="2023-01-06T10:03:07 IST" skipped="0">
  <testcase classname="TestCases.LoginPageTest" name="loginToAppTest" time="12.156"/>
  <testcase classname="TestCases.LoginPageTest" name="verifyCuURL" time="13.285"/>
  <testcase classname="TestCases.LoginPageTest" name="verifyPeekLogoTest" time="35.484"/>
  <testcase classname="TestCases.LoginPageTest" name="verifyTitleTest" time="7.296"/>
  <testcase classname="TestCases.LoginPageTest" name="verifyloginLogoTest" time="4.806"/>
  <testcase classname="TestCases.LoginPageTest" name="verifyBotLogoTest" time="5.066"/>
</testsuite> <!-- TestCases.LoginPageTest -->
